<?xml version="1.0" encoding="UTF-8"?>
<!-- Generated by org.testng.reporters.JUnitReportReporter -->
<testsuite hostname="LAPTOP-2AI0MJP0" failures="0" tests="2" name="qaclickacademy.MavenJava.RestAPITest" time="0.000" errors="0" timestamp="2021-12-04T01:01:52 IST" skipped="0">
  <testcase classname="qaclickacademy.MavenJava.RestAPITest" name="DeleteTwitter" time="0.000"/>
  <system-out/>
  <testcase classname="qaclickacademy.MavenJava.RestAPITest" name="PostJira" time="0.000"/>
  <system-out/>
</testsuite> <!-- qaclickacademy.MavenJava.RestAPITest -->
