<?xml version="1.0" encoding="UTF-8"?>
<!-- Generated by org.testng.reporters.JUnitReportReporter -->
<testsuite hostname="LAPTOP-2AI0MJP0" failures="0" tests="2" name="qaclickacademy.MavenJava.AppiumTest" time="0.003" errors="0" timestamp="2021-12-04T01:01:52 IST" skipped="0">
  <testcase classname="qaclickacademy.MavenJava.AppiumTest" name="IOS" time="0.000"/>
  <system-out/>
  <testcase classname="qaclickacademy.MavenJava.AppiumTest" name="AndroidApp" time="0.003"/>
  <system-out/>
</testsuite> <!-- qaclickacademy.MavenJava.AppiumTest -->
